{"level":"warn","message":"apa la papa"}
{"level":"warn","message":"apa la papa"}
{"level":"warn","message":"warning generado a proposito"}
{"level":"warn","message":"warning generado a proposito"}
{"level":"warn","message":""}
{"level":"error","message":""}
{"level":"warn","message":""}
{"level":"error","message":""}
{"level":"warn","message":""}
{"level":"error","message":""}
{"level":"warn","message":""}
{"level":"error","message":""}
{"level":"warn","message":" Mensaje de warn"}
{"level":"error","message":"Mensaje de error"}
{"level":"warn","message":" Mensaje de warn"}
{"level":"error","message":"Mensaje de error"}
warning:  Mensaje de warn
error: Mensaje de error
fatal: Mensaje de error
warning:  Mensaje de warn
error: Mensaje de error
fatal: Mensaje de error
